<?xml version="1.0" encoding="UTF-8"?>
<!-- Generated by org.testng.reporters.JUnitReportReporter -->
<testsuite hostname="yashpal-Latitude-5490" failures="0" tests="1" name="demo.LoginApp" time="3.313" errors="0" timestamp="2022-04-13T15:06:56 IST" skipped="0">
  <testcase classname="demo.LoginApp" name="testLogin" time="3.313"/>
  <system-out/>
</testsuite> <!-- demo.LoginApp -->
