<?xml version="1.0" encoding="UTF-8"?>
<!-- Generated by org.testng.reporters.JUnitReportReporter -->
<testsuite hostname="yashpal-Latitude-5490" failures="0" tests="1" name="demo.LoginApp_Test" time="3.340" errors="0" timestamp="2022-04-13T15:14:30 IST" skipped="0">
  <testcase classname="demo.LoginApp_Test" name="testLogin" time="3.340"/>
  <system-out/>
</testsuite> <!-- demo.LoginApp_Test -->
